<?xml version="1.0" encoding="UTF-8"?>
<!-- Generated by org.testng.reporters.JUnitReportReporter -->
<testsuite hostname="Harsh" failures="0" tests="3" name="org.digivalet.portalappautomation.outlet.ProductOrderingWithQuantityModifierAndAddon" time="86.417" errors="0" timestamp="2024-02-27T00:52:33 IST" skipped="0">
  <testcase classname="org.digivalet.portalappautomation.outlet.ProductOrderingWithQuantityModifierAndAddon" name="SuccessfullyLogin" time="16.662"/>
  <testcase classname="org.digivalet.portalappautomation.outlet.ProductOrderingWithQuantityModifierAndAddon" name="dataSetter" time="0.002"/>
  <testcase classname="org.digivalet.portalappautomation.outlet.ProductOrderingWithQuantityModifierAndAddon" name="OrderWithQuantityAddonAndModifiers" time="69.753"/>
</testsuite> <!-- org.digivalet.portalappautomation.outlet.ProductOrderingWithQuantityModifierAndAddon -->
