<?xml version="1.0" encoding="UTF-8"?>
<!-- Generated by org.testng.reporters.JUnitReportReporter -->
<testsuite hostname="Harsh" failures="0" tests="1" name="org.digivalet.portalappautomation.LoginPageTest" time="5.011" errors="0" timestamp="2024-02-18T18:37:19 IST" skipped="0">
  <testcase classname="org.digivalet.portalappautomation.LoginPageTest" name="demo" time="5.011"/>
</testsuite> <!-- org.digivalet.portalappautomation.LoginPageTest -->
