<?xml version="1.0" encoding="UTF-8"?>
<!-- Generated by org.testng.reporters.JUnitReportReporter -->
<testsuite hostname="Harsh" failures="0" tests="3" name="org.digivalet.portalappautomation.outlet.ProductOrderingWithModifiers" time="66.314" errors="0" timestamp="2024-02-24T01:16:59 IST" skipped="0">
  <testcase classname="org.digivalet.portalappautomation.outlet.ProductOrderingWithModifiers" name="SuccessfullLogin" time="12.608"/>
  <testcase classname="org.digivalet.portalappautomation.outlet.ProductOrderingWithModifiers" name="dataSetter" time="0.001"/>
  <testcase classname="org.digivalet.portalappautomation.outlet.ProductOrderingWithModifiers" name="OrderWithAddonAndModifiers" time="53.705"/>
</testsuite> <!-- org.digivalet.portalappautomation.outlet.ProductOrderingWithModifiers -->
