<?xml version="1.0" encoding="UTF-8"?>
<!-- Generated by org.testng.reporters.JUnitReportReporter -->
<testsuite hostname="Harsh" failures="0" tests="3" name="org.digivalet.portalappautomation.outlet.ProductOrderingWithoutAddonsAndModifiers" time="77.253" errors="0" timestamp="2024-02-26T23:39:49 IST" skipped="0">
  <testcase classname="org.digivalet.portalappautomation.outlet.ProductOrderingWithoutAddonsAndModifiers" name="SuccessfullyLogin" time="12.923"/>
  <testcase classname="org.digivalet.portalappautomation.outlet.ProductOrderingWithoutAddonsAndModifiers" name="dataSetter" time="0.001"/>
  <testcase classname="org.digivalet.portalappautomation.outlet.ProductOrderingWithoutAddonsAndModifiers" name="OrderWithoutAddonAndModifiers" time="64.329"/>
</testsuite> <!-- org.digivalet.portalappautomation.outlet.ProductOrderingWithoutAddonsAndModifiers -->
