<?xml version="1.0" encoding="UTF-8"?>
<!-- Generated by org.testng.reporters.JUnitReportReporter -->
<testsuite hostname="Harsh" failures="0" tests="7" name="org.digivalet.portalappautomation.LoginModule.LoginScreenVerification" time="37.045" errors="0" timestamp="2024-02-22T00:36:54 IST" skipped="0">
  <testcase classname="org.digivalet.portalappautomation.LoginModule.LoginScreenVerification" name="setLoginData" time="0.003"/>
  <testcase classname="org.digivalet.portalappautomation.LoginModule.LoginScreenVerification" name="LoginWithoutEmailAndPassword" time="4.303"/>
  <testcase classname="org.digivalet.portalappautomation.LoginModule.LoginScreenVerification" name="LoginWithoutPassword" time="2.921"/>
  <testcase classname="org.digivalet.portalappautomation.LoginModule.LoginScreenVerification" name="LoginWithIncorrectEmailAndCorrectPassword" time="4.621"/>
  <testcase classname="org.digivalet.portalappautomation.LoginModule.LoginScreenVerification" name="LoginWithCorrectEmailAndIncorrectPassword" time="7.913"/>
  <testcase classname="org.digivalet.portalappautomation.LoginModule.LoginScreenVerification" name="LoginWithCorrectEmailAndCorrectPassword" time="10.349"/>
  <testcase classname="org.digivalet.portalappautomation.LoginModule.LoginScreenVerification" name="successfulLoginValidation" time="6.935"/>
</testsuite> <!-- org.digivalet.portalappautomation.LoginModule.LoginScreenVerification -->
