<?xml version="1.0" encoding="UTF-8"?>
<!-- Generated by org.testng.reporters.JUnitReportReporter -->
<testsuite hostname="Harsh" failures="0" tests="3" name="org.digivalet.portalappautomation.outlet.ProductOrderingWithBooleanModifiers" time="85.699" errors="0" timestamp="2024-02-27T01:02:40 IST" skipped="0">
  <testcase classname="org.digivalet.portalappautomation.outlet.ProductOrderingWithBooleanModifiers" name="SuccessfullyLogin" time="13.842"/>
  <testcase classname="org.digivalet.portalappautomation.outlet.ProductOrderingWithBooleanModifiers" name="dataSetter" time="0.002"/>
  <testcase classname="org.digivalet.portalappautomation.outlet.ProductOrderingWithBooleanModifiers" name="OrderWithBooleanModifiers" time="71.855"/>
</testsuite> <!-- org.digivalet.portalappautomation.outlet.ProductOrderingWithBooleanModifiers -->
