<?xml version="1.0" encoding="UTF-8"?>
<!-- Generated by org.testng.reporters.JUnitReportReporter -->
<testsuite hostname="Harsh" failures="0" tests="3" name="org.digivalet.portalappautomation.outlet.ProductOrderingWithModifiersAndAddons" time="84.438" errors="0" timestamp="2024-02-24T22:48:52 IST" skipped="0">
  <testcase classname="org.digivalet.portalappautomation.outlet.ProductOrderingWithModifiersAndAddons" name="SuccessfullLogin" time="18.240"/>
  <testcase classname="org.digivalet.portalappautomation.outlet.ProductOrderingWithModifiersAndAddons" name="dataSetter" time="0.004"/>
  <testcase classname="org.digivalet.portalappautomation.outlet.ProductOrderingWithModifiersAndAddons" name="OrderWithAddonAndModifiers" time="66.194"/>
</testsuite> <!-- org.digivalet.portalappautomation.outlet.ProductOrderingWithModifiersAndAddons -->
