<?xml version="1.0" encoding="UTF-8"?>
<!-- Generated by org.testng.reporters.JUnitReportReporter -->
<testsuite hostname="Harsh" failures="0" tests="1" name="org.digivalet.portalappautomation.LoginModule.LoginSuccessfully" time="18.128" errors="0" timestamp="2024-02-24T19:45:15 IST" skipped="0">
  <testcase classname="org.digivalet.portalappautomation.LoginModule.LoginSuccessfully" name="SuccessfullLogin" time="18.128"/>
</testsuite> <!-- org.digivalet.portalappautomation.LoginModule.LoginSuccessfully -->
