<?xml version="1.0" encoding="UTF-8"?>
<!-- Generated by org.testng.reporters.JUnitReportReporter -->
<testsuite hostname="Harsh" failures="0" tests="3" name="org.digivalet.portalappautomation.outlet.ProductOrderingWithAddons" time="62.346" errors="0" timestamp="2024-02-24T01:20:47 IST" skipped="0">
  <testcase classname="org.digivalet.portalappautomation.outlet.ProductOrderingWithAddons" name="SuccessfullLogin" time="11.546"/>
  <testcase classname="org.digivalet.portalappautomation.outlet.ProductOrderingWithAddons" name="dataSetter" time="0.002"/>
  <testcase classname="org.digivalet.portalappautomation.outlet.ProductOrderingWithAddons" name="OrderWithAddonAndModifiers" time="50.798"/>
</testsuite> <!-- org.digivalet.portalappautomation.outlet.ProductOrderingWithAddons -->
